2025-12-29 12:25:07,999 - INFO - Received task: Fix vulnerability #102: cpp/memory-leak in applications/system/subghz/subghz_history.c
2025-12-29 12:25:20,017 - INFO - Merged PR: https://github.com/joseguzman1337/Momentum-Firmware/pull/86
2025-12-29 12:25:20,469 - INFO - Task completed successfully.
2025-12-29 12:29:05,625 - INFO - Received task: Fix vulnerability #24: cpp/type-confusion in lib/toolbox/compress.c
2025-12-29 12:29:16,318 - INFO - Merged PR: https://github.com/joseguzman1337/Momentum-Firmware/pull/87
2025-12-29 12:29:16,748 - INFO - Task completed successfully.
2025-12-29 12:29:17,838 - INFO - Received task: Fix vulnerability #23: cpp/overflow-buffer in lib/nfc/protocols/mf_classic/mf_classic.c
2025-12-29 12:29:28,871 - INFO - Merged PR: https://github.com/joseguzman1337/Momentum-Firmware/pull/88
2025-12-29 12:29:29,363 - INFO - Task completed successfully.
2025-12-29 12:29:30,448 - INFO - Received task: Fix vulnerability #22: cpp/overflow-buffer in lib/nfc/protocols/mf_classic/mf_classic.c
2025-12-29 12:29:40,641 - INFO - Merged PR: https://github.com/joseguzman1337/Momentum-Firmware/pull/89
2025-12-29 12:29:41,086 - INFO - Task completed successfully.
2025-12-29 12:29:42,163 - INFO - Received task: Fix vulnerability #21: cpp/invalid-pointer-deref in applications/main/nfc/nfc_cli.c
2025-12-29 12:29:49,005 - INFO - Task completed successfully.
2025-12-29 12:29:50,073 - INFO - Received task: Fix vulnerability #20: cpp/suspicious-sizeof in lib/mjs/mjs_core.c
2025-12-29 12:30:00,127 - INFO - Merged PR: https://github.com/joseguzman1337/Momentum-Firmware/pull/90
2025-12-29 12:30:00,574 - INFO - Task completed successfully.
2025-12-29 12:30:01,626 - INFO - Received task: Fix vulnerability #19: cpp/suspicious-sizeof in lib/mjs/mjs_core.c
2025-12-29 12:30:13,236 - INFO - Merged PR: https://github.com/joseguzman1337/Momentum-Firmware/pull/91
2025-12-29 12:30:13,712 - INFO - Task completed successfully.
2025-12-29 12:30:14,764 - INFO - Received task: Fix vulnerability #18: cpp/suspicious-sizeof in lib/mjs/mjs_core.c
2025-12-29 12:30:25,524 - INFO - Merged PR: https://github.com/joseguzman1337/Momentum-Firmware/pull/92
2025-12-29 12:30:25,996 - INFO - Task completed successfully.
2025-12-29 12:30:27,077 - INFO - Received task: Fix vulnerability #17: cpp/incorrect-not-operator-usage in applications/main/nfc/plugins/supported_cards/charliecard.c
2025-12-29 12:30:37,657 - INFO - Merged PR: https://github.com/joseguzman1337/Momentum-Firmware/pull/93
2025-12-29 12:30:38,110 - INFO - Task completed successfully.
2025-12-29 12:30:39,186 - INFO - Received task: Fix vulnerability #16: cpp/offset-use-before-range-check in applications/services/gui/elements.c
2025-12-29 12:30:50,533 - INFO - Merged PR: https://github.com/joseguzman1337/Momentum-Firmware/pull/94
2025-12-29 12:30:50,979 - INFO - Task completed successfully.
2025-12-29 12:30:52,047 - INFO - Received task: Fix vulnerability #15: cpp/offset-use-before-range-check in applications/examples/example_ble_beacon/ble_beacon_app.c
2025-12-29 12:31:07,274 - INFO - Merged PR: https://github.com/joseguzman1337/Momentum-Firmware/pull/95
2025-12-29 12:31:07,725 - INFO - Task completed successfully.
2025-12-29 12:31:08,781 - INFO - Received task: Fix vulnerability #14: cpp/weak-cryptographic-algorithm in lib/nfc/protocols/mf_ultralight/mf_ultralight_poller_i.c
2025-12-29 12:31:21,252 - INFO - Merged PR: https://github.com/joseguzman1337/Momentum-Firmware/pull/96
2025-12-29 12:31:21,697 - INFO - Task completed successfully.
2025-12-29 12:31:22,754 - INFO - Received task: Fix vulnerability #13: cpp/weak-cryptographic-algorithm in lib/nfc/protocols/mf_ultralight/mf_ultralight_poller_sync.c
2025-12-29 12:31:32,854 - INFO - Merged PR: https://github.com/joseguzman1337/Momentum-Firmware/pull/97
2025-12-29 12:31:33,275 - INFO - Task completed successfully.
2025-12-29 12:31:34,377 - INFO - Received task: Fix vulnerability #12: cpp/weak-cryptographic-algorithm in lib/nfc/protocols/mf_ultralight/mf_ultralight_poller.c
2025-12-29 12:31:45,205 - INFO - Merged PR: https://github.com/joseguzman1337/Momentum-Firmware/pull/98
2025-12-29 12:31:45,654 - INFO - Task completed successfully.
2025-12-29 12:31:46,719 - INFO - Received task: Fix vulnerability #11: cpp/weak-cryptographic-algorithm in lib/nfc/protocols/mf_ultralight/mf_ultralight_listener.c
2025-12-29 12:31:56,942 - INFO - Merged PR: https://github.com/joseguzman1337/Momentum-Firmware/pull/99
2025-12-29 12:31:57,375 - INFO - Task completed successfully.
2025-12-29 12:31:58,434 - INFO - Received task: Fix vulnerability #10: cpp/weak-cryptographic-algorithm in lib/nfc/protocols/mf_ultralight/mf_ultralight.c
2025-12-29 12:32:09,359 - INFO - Merged PR: https://github.com/joseguzman1337/Momentum-Firmware/pull/100
2025-12-29 12:32:09,817 - INFO - Task completed successfully.
2025-12-29 12:32:10,875 - INFO - Received task: Fix vulnerability #9: cpp/weak-cryptographic-algorithm in lib/nfc/protocols/felica/felica.c
2025-12-29 12:32:21,324 - INFO - Merged PR: https://github.com/joseguzman1337/Momentum-Firmware/pull/101
2025-12-29 12:32:21,753 - INFO - Task completed successfully.
2025-12-29 12:32:22,823 - INFO - Received task: Fix vulnerability #8: cpp/uncontrolled-arithmetic in lib/toolbox/varint.c
2025-12-29 12:32:33,007 - INFO - Merged PR: https://github.com/joseguzman1337/Momentum-Firmware/pull/102
2025-12-29 12:32:33,434 - INFO - Task completed successfully.
2025-12-29 12:32:34,487 - INFO - Received task: Fix vulnerability #7: cpp/uncontrolled-arithmetic in lib/toolbox/varint.c
2025-12-29 12:32:46,251 - INFO - Merged PR: https://github.com/joseguzman1337/Momentum-Firmware/pull/103
2025-12-29 12:32:46,681 - INFO - Task completed successfully.
2025-12-29 12:32:47,767 - INFO - Received task: Fix vulnerability #6: cpp/non-constant-format in applications/main/nfc/scenes/nfc_scene_mf_ultralight_unlock_warn.c
2025-12-29 12:32:58,201 - INFO - Merged PR: https://github.com/joseguzman1337/Momentum-Firmware/pull/104
2025-12-29 12:32:58,629 - INFO - Task completed successfully.
2025-12-29 12:32:59,715 - INFO - Received task: Fix vulnerability #5: cpp/non-constant-format in applications/main/nfc/scenes/nfc_scene_des_auth_unlock_warn.c
2025-12-29 12:33:10,128 - INFO - Merged PR: https://github.com/joseguzman1337/Momentum-Firmware/pull/105
2025-12-29 12:33:10,592 - INFO - Task completed successfully.
2025-12-29 12:33:11,647 - INFO - Received task: Fix vulnerability #4: cpp/use-after-free in lib/mjs/common/str_util.c
2025-12-29 12:33:21,714 - INFO - Merged PR: https://github.com/joseguzman1337/Momentum-Firmware/pull/106
2025-12-29 12:33:22,192 - INFO - Task completed successfully.
2025-12-29 12:33:23,244 - INFO - Received task: Fix vulnerability #3: cpp/use-after-free in lib/mjs/common/str_util.c
2025-12-29 12:33:34,841 - INFO - Merged PR: https://github.com/joseguzman1337/Momentum-Firmware/pull/107
2025-12-29 12:33:35,835 - INFO - Task completed successfully.
2025-12-29 12:33:36,896 - INFO - Received task: Fix vulnerability #2: py/tarslip in scripts/wifi_board.py
2025-12-29 12:33:41,790 - INFO - Received task: Fix Issue #63: SubGHZ : Io Homecontrol
2025-12-29 12:33:46,160 - INFO - Merged PR: https://github.com/joseguzman1337/Momentum-Firmware/pull/108
2025-12-29 12:33:46,600 - INFO - Task completed successfully.
2025-12-29 12:33:47,660 - INFO - Received task: Fix vulnerability #1: py/weak-crypto-key in applications/system/findmy/generate_keys.py
2025-12-29 12:33:50,728 - INFO - Merged PR: https://github.com/joseguzman1337/Momentum-Firmware/pull/109
2025-12-29 12:33:51,178 - INFO - Task completed successfully.
2025-12-29 12:33:53,254 - INFO - Received task: Fix Issue #62: FindMyFlipper battery management
2025-12-29 12:33:56,884 - INFO - Merged PR: https://github.com/joseguzman1337/Momentum-Firmware/pull/110
2025-12-29 12:33:57,379 - INFO - Task completed successfully.
2025-12-29 12:34:02,207 - INFO - Merged PR: https://github.com/joseguzman1337/Momentum-Firmware/pull/111
2025-12-29 12:34:02,692 - INFO - Task completed successfully.
2025-12-29 12:34:04,744 - INFO - Received task: Fix Issue #61: Dickert_MAHS not reading correctly
2025-12-29 12:34:15,602 - INFO - Merged PR: https://github.com/joseguzman1337/Momentum-Firmware/pull/112
2025-12-29 12:34:16,600 - INFO - Task completed successfully.
2025-12-29 12:34:18,686 - INFO - Received task: Fix Issue #60: Play Sound for Find My Flipper
2025-12-29 12:34:29,591 - INFO - Merged PR: https://github.com/joseguzman1337/Momentum-Firmware/pull/113
2025-12-29 12:34:30,011 - INFO - Task completed successfully.
2025-12-29 12:34:32,083 - INFO - Received task: Fix Issue #59: Flipper Crashing in BLESpam
2025-12-29 12:34:38,753 - INFO - Task completed successfully.
2025-12-29 12:34:40,841 - INFO - Received task: Fix Issue #58: Sub-GHz App freezes when I use Frequency Analyzer and select the found signal when Modulation FM238 is set
2025-12-29 12:34:51,461 - INFO - Merged PR: https://github.com/joseguzman1337/Momentum-Firmware/pull/114
2025-12-29 12:34:51,879 - INFO - Task completed successfully.
2025-12-29 12:34:53,933 - INFO - Received task: Fix Issue #57: NFC I2C+ 2k broken
2025-12-29 12:35:04,411 - INFO - Merged PR: https://github.com/joseguzman1337/Momentum-Firmware/pull/115
2025-12-29 12:35:04,955 - INFO - Task completed successfully.
2025-12-29 12:35:07,023 - INFO - Received task: Fix Issue #53: Unable to use my Chamberlain garage door with recent FW versions
2025-12-29 12:35:14,290 - INFO - Task completed successfully.
2025-12-29 12:35:16,346 - INFO - Received task: Fix Issue #52: Esp32 wifi Marauder crash
2025-12-29 12:35:26,761 - INFO - Merged PR: https://github.com/joseguzman1337/Momentum-Firmware/pull/116
2025-12-29 12:35:27,265 - INFO - Task completed successfully.
2025-12-29 12:35:29,351 - INFO - Received task: Fix Issue #51: Feature Request: Extra settings for external speaker
2025-12-29 12:35:40,452 - INFO - Merged PR: https://github.com/joseguzman1337/Momentum-Firmware/pull/117
2025-12-29 12:35:40,877 - INFO - Task completed successfully.
2025-12-29 12:35:42,961 - INFO - Received task: Fix Issue #47: NULL pointer dereference
2025-12-29 12:35:53,730 - INFO - Merged PR: https://github.com/joseguzman1337/Momentum-Firmware/pull/118
2025-12-29 12:35:54,218 - INFO - Task completed successfully.
2025-12-29 12:35:56,312 - INFO - Received task: Fix Issue #46: Adding custom fonts guide in wiki
2025-12-29 12:36:03,264 - INFO - Task completed successfully.
2025-12-29 12:36:05,321 - INFO - Received task: Fix Issue #44: NFC emulate ISO15693-3 Flipper crash and reboot
2025-12-29 12:36:15,778 - INFO - Merged PR: https://github.com/joseguzman1337/Momentum-Firmware/pull/119
2025-12-29 12:36:16,288 - INFO - Task completed successfully.
2025-12-29 12:36:18,374 - INFO - Received task: Fix Issue #43: Is there a possibility to run cron job on FZ0?
2025-12-29 12:36:28,749 - INFO - Merged PR: https://github.com/joseguzman1337/Momentum-Firmware/pull/120
2025-12-29 12:36:29,220 - INFO - Task completed successfully.
2025-12-29 12:36:31,280 - INFO - Received task: Fix Issue #41: NFC: magic tag write/wipe crash
2025-12-29 12:36:41,954 - INFO - Merged PR: https://github.com/joseguzman1337/Momentum-Firmware/pull/121
2025-12-29 12:36:42,381 - INFO - Task completed successfully.
2025-12-29 12:36:44,440 - INFO - Received task: Fix Issue #40: Mifare Plus X 2k SL 1 can be read as Mifare Classic 2k
2025-12-29 12:36:54,979 - INFO - Merged PR: https://github.com/joseguzman1337/Momentum-Firmware/pull/122
2025-12-29 12:36:55,414 - INFO - Task completed successfully.
2025-12-29 12:36:57,471 - INFO - Received task: Fix Issue #39: GuiSrv crash while decompressing bitmap icon
2025-12-29 12:37:02,035 - INFO - Received task: Fix Issue #38: Show more details about signals
2025-12-29 12:37:06,626 - INFO - Received task: Fix Issue #37: add support for the IKEA smart lock ROTHULT
2025-12-29 12:37:16,848 - INFO - Merged PR: https://github.com/joseguzman1337/Momentum-Firmware/pull/123
2025-12-29 12:37:17,346 - INFO - Task completed successfully.
2025-12-29 12:37:19,402 - INFO - Received task: Fix Issue #36: USB serial spoofing switch
2025-12-29 12:37:30,375 - INFO - Merged PR: https://github.com/joseguzman1337/Momentum-Firmware/pull/124
2025-12-29 12:37:30,814 - INFO - Task completed successfully.
2025-12-29 12:37:32,868 - INFO - Received task: Fix Issue #35: Coupling spamming BLE option with keyboard attack
2025-12-29 12:37:43,830 - INFO - Merged PR: https://github.com/joseguzman1337/Momentum-Firmware/pull/125
2025-12-29 12:37:44,309 - INFO - Task completed successfully.
2025-12-29 12:37:46,384 - INFO - Received task: Fix Issue #34: Add Blackmagic camera controls to the HID Bluetooth Remote APP (Commands included in request)
2025-12-29 12:37:53,774 - INFO - Task completed successfully.
2025-12-29 12:37:55,843 - INFO - Received task: Fix Issue #33: Question about disk image
2025-12-29 12:38:06,791 - INFO - Merged PR: https://github.com/joseguzman1337/Momentum-Firmware/pull/126
2025-12-29 12:38:07,218 - INFO - Task completed successfully.
2025-12-29 12:38:09,280 - INFO - Received task: Fix Issue #32: BadUSB JavaScript execution over Bluetooth HID
2025-12-29 12:38:19,453 - INFO - Merged PR: https://github.com/joseguzman1337/Momentum-Firmware/pull/127
2025-12-29 12:38:19,878 - INFO - Task completed successfully.
2025-12-29 12:38:21,932 - INFO - Received task: Fix Issue #31: Xiaomi Air filter reset
2025-12-29 12:38:28,836 - INFO - Received task: Fix Issue #9999: Test Real Code Patch in applications/main/nfc/nfc_cli.c
2025-12-29 12:38:31,356 - INFO - Task completed successfully.
2025-12-29 12:38:32,398 - INFO - Merged PR: https://github.com/joseguzman1337/Momentum-Firmware/pull/128
2025-12-29 12:38:32,828 - INFO - Task completed successfully.
2025-12-29 12:38:34,900 - INFO - Received task: Fix Issue #30: New usbdisk js module function: identity spoofing like Mass Storage app
2025-12-29 12:38:47,284 - INFO - Merged PR: https://github.com/joseguzman1337/Momentum-Firmware/pull/129
2025-12-29 12:38:47,566 - INFO - Received task: Fix Issue #9999: Test Real Code Patch in applications/main/nfc/cli/nfc_cli.c
2025-12-29 12:38:47,790 - INFO - Task completed successfully.
2025-12-29 12:38:49,875 - INFO - Received task: Fix Issue #29: Duress PIN (panic/erase) to wipe device + SD
2025-12-29 12:38:50,081 - INFO - Task completed successfully.
2025-12-29 12:39:01,309 - INFO - Merged PR: https://github.com/joseguzman1337/Momentum-Firmware/pull/130
2025-12-29 12:39:01,768 - INFO - Task completed successfully.
2025-12-29 12:39:03,855 - INFO - Received task: Fix Issue #28: Bad KB Bluetooth Device type spoofing
2025-12-29 12:39:14,621 - INFO - Merged PR: https://github.com/joseguzman1337/Momentum-Firmware/pull/131
2025-12-29 12:39:15,051 - INFO - Task completed successfully.
2025-12-29 12:39:17,112 - INFO - Received task: Fix Issue #27: bit_lib Library Extension
2025-12-29 12:39:27,622 - INFO - Merged PR: https://github.com/joseguzman1337/Momentum-Firmware/pull/132
2025-12-29 12:39:28,124 - INFO - Task completed successfully.
2025-12-29 12:39:30,211 - INFO - Received task: Fix Issue #26: dev version: space plaground
2025-12-29 12:39:40,543 - INFO - Merged PR: https://github.com/joseguzman1337/Momentum-Firmware/pull/133
2025-12-29 12:39:41,017 - INFO - Task completed successfully.
2025-12-29 12:39:43,076 - INFO - Received task: Fix Issue #25: SDcard issues and crashing
2025-12-29 12:39:53,606 - INFO - Merged PR: https://github.com/joseguzman1337/Momentum-Firmware/pull/134
2025-12-29 12:39:54,043 - INFO - Task completed successfully.
2025-12-29 12:39:56,107 - INFO - Received task: Fix Issue #24: subghz add Beninca HEADY
2025-12-29 12:40:06,596 - INFO - Merged PR: https://github.com/joseguzman1337/Momentum-Firmware/pull/135
2025-12-29 12:40:07,069 - INFO - Task completed successfully.
2025-12-29 12:40:09,120 - INFO - Received task: Fix Issue #23: Combine favorite directories.
2025-12-29 12:40:19,922 - INFO - Merged PR: https://github.com/joseguzman1337/Momentum-Firmware/pull/136
2025-12-29 12:40:20,363 - INFO - Task completed successfully.
2025-12-29 12:40:22,417 - INFO - Received task: Fix Issue #22: Problems during normal usage and even when idle
2025-12-29 12:40:33,118 - INFO - Merged PR: https://github.com/joseguzman1337/Momentum-Firmware/pull/137
2025-12-29 12:40:33,562 - INFO - Task completed successfully.
2025-12-29 12:40:35,620 - INFO - Received task: Fix Issue #21: nfc mifare write to original card crash
2025-12-29 12:40:44,510 - INFO - Task completed successfully.
2025-12-29 12:40:46,571 - INFO - Received task: Fix Issue #20: Possibly broken ISO14443-4A?
2025-12-29 12:40:54,796 - INFO - Task completed successfully.
2025-12-29 12:40:56,885 - INFO - Received task: Fix Issue #19: Add DS2431 support to 1-wire
2025-12-29 12:41:07,539 - INFO - Task completed successfully.
2025-12-29 12:41:09,608 - INFO - Received task: Fix Issue #7: Dependency Dashboard
2025-12-29 12:41:17,602 - INFO - Task completed successfully.
2025-12-29 12:42:50,732 - INFO - Received task: Fix vulnerability #24: cpp/type-confusion in lib/toolbox/compress.c
2025-12-29 12:43:01,401 - INFO - Merged PR: https://github.com/joseguzman1337/Momentum-Firmware/pull/142
2025-12-29 12:43:02,021 - INFO - Task completed successfully.
2025-12-29 12:43:03,077 - INFO - Received task: Fix vulnerability #23: cpp/overflow-buffer in lib/nfc/protocols/mf_classic/mf_classic.c
2025-12-29 12:43:05,001 - INFO - Received task: Fix Issue #59: Flipper Crashing in BLESpam
2025-12-29 12:43:13,259 - INFO - Merged PR: https://github.com/joseguzman1337/Momentum-Firmware/pull/143
2025-12-29 12:43:13,733 - INFO - Task completed successfully.
2025-12-29 12:43:14,799 - INFO - Received task: Fix vulnerability #22: cpp/overflow-buffer in lib/nfc/protocols/mf_classic/mf_classic.c
2025-12-29 12:43:15,047 - INFO - Merged PR: https://github.com/joseguzman1337/Momentum-Firmware/pull/144
2025-12-29 12:43:15,596 - INFO - Task completed successfully.
2025-12-29 12:43:17,652 - INFO - Received task: Fix Issue #53: Unable to use my Chamberlain garage door with recent FW versions
2025-12-29 12:43:23,291 - INFO - Task completed successfully.
2025-12-29 12:43:24,344 - INFO - Received task: Fix vulnerability #21: cpp/invalid-pointer-deref in applications/main/nfc/nfc_cli.c
2025-12-29 12:43:25,424 - INFO - Task completed successfully.
2025-12-29 12:43:27,476 - INFO - Received task: Fix Issue #46: Adding custom fonts guide in wiki
2025-12-29 12:43:33,416 - INFO - Merged PR: https://github.com/joseguzman1337/Momentum-Firmware/pull/147
2025-12-29 12:43:33,943 - INFO - Task completed successfully.
2025-12-29 12:43:34,999 - INFO - Received task: Fix vulnerability #20: cpp/suspicious-sizeof in lib/mjs/mjs_core.c
2025-12-29 12:43:36,503 - INFO - Merged PR: https://github.com/joseguzman1337/Momentum-Firmware/pull/148
2025-12-29 12:43:36,954 - INFO - Task completed successfully.
2025-12-29 12:43:39,008 - INFO - Received task: Fix Issue #39: GuiSrv crash while decompressing bitmap icon
2025-12-29 12:43:43,810 - INFO - Merged PR: https://github.com/joseguzman1337/Momentum-Firmware/pull/149
2025-12-29 12:43:44,300 - INFO - Task completed successfully.
2025-12-29 12:43:45,356 - INFO - Received task: Fix vulnerability #19: cpp/suspicious-sizeof in lib/mjs/mjs_core.c
2025-12-29 12:43:48,390 - INFO - Merged PR: https://github.com/joseguzman1337/Momentum-Firmware/pull/150
2025-12-29 12:43:48,816 - INFO - Task completed successfully.
2025-12-29 12:43:50,866 - INFO - Received task: Fix Issue #38: Show more details about signals
2025-12-29 12:43:54,713 - INFO - Merged PR: https://github.com/joseguzman1337/Momentum-Firmware/pull/151
2025-12-29 12:43:55,147 - INFO - Task completed successfully.
2025-12-29 12:43:56,204 - INFO - Received task: Fix vulnerability #18: cpp/suspicious-sizeof in lib/mjs/mjs_core.c
2025-12-29 12:43:59,029 - INFO - Task completed successfully.
2025-12-29 12:44:01,087 - INFO - Received task: Fix Issue #34: Add Blackmagic camera controls to the HID Bluetooth Remote APP (Commands included in request)
2025-12-29 12:44:02,908 - INFO - Task completed successfully.
2025-12-29 12:44:03,974 - INFO - Received task: Fix vulnerability #17: cpp/incorrect-not-operator-usage in applications/main/nfc/plugins/supported_cards/charliecard.c
2025-12-29 12:44:11,020 - INFO - Merged PR: https://github.com/joseguzman1337/Momentum-Firmware/pull/153
2025-12-29 12:44:11,493 - INFO - Task completed successfully.
2025-12-29 12:44:13,456 - INFO - Merged PR: https://github.com/joseguzman1337/Momentum-Firmware/pull/154
2025-12-29 12:44:13,554 - INFO - Received task: Fix Issue #20: Possibly broken ISO14443-4A?
2025-12-29 12:44:13,916 - INFO - Task completed successfully.
2025-12-29 12:44:15,004 - INFO - Received task: Fix vulnerability #16: cpp/offset-use-before-range-check in applications/services/gui/elements.c
2025-12-29 12:44:23,594 - INFO - Task completed successfully.
2025-12-29 12:44:24,097 - INFO - Merged PR: https://github.com/joseguzman1337/Momentum-Firmware/pull/155
2025-12-29 12:44:24,520 - INFO - Task completed successfully.
2025-12-29 12:44:24,646 - INFO - Received task: Fix vulnerability #15: cpp/offset-use-before-range-check in applications/examples/example_ble_beacon/ble_beacon_app.c
2025-12-29 12:44:26,610 - INFO - Received task: Fix Issue #19: Add DS2431 support to 1-wire
2025-12-29 12:44:34,585 - INFO - Task completed successfully.
2025-12-29 12:44:34,955 - INFO - Merged PR: https://github.com/joseguzman1337/Momentum-Firmware/pull/157
2025-12-29 12:44:35,408 - INFO - Task completed successfully.
2025-12-29 12:44:36,494 - INFO - Received task: Fix vulnerability #14: cpp/weak-cryptographic-algorithm in lib/nfc/protocols/mf_ultralight/mf_ultralight_poller_i.c
2025-12-29 12:44:36,652 - INFO - Received task: Fix Issue #7: Dependency Dashboard
2025-12-29 12:44:45,051 - INFO - Merged PR: https://github.com/joseguzman1337/Momentum-Firmware/pull/159
2025-12-29 12:44:45,074 - INFO - Task completed successfully.
2025-12-29 12:44:45,448 - INFO - Task completed successfully.
2025-12-29 12:44:46,538 - INFO - Received task: Fix vulnerability #13: cpp/weak-cryptographic-algorithm in lib/nfc/protocols/mf_ultralight/mf_ultralight_poller_sync.c
2025-12-29 12:44:55,106 - INFO - Task completed successfully.
2025-12-29 12:44:56,194 - INFO - Received task: Fix vulnerability #12: cpp/weak-cryptographic-algorithm in lib/nfc/protocols/mf_ultralight/mf_ultralight_poller.c
2025-12-29 12:45:06,299 - INFO - Merged PR: https://github.com/joseguzman1337/Momentum-Firmware/pull/162
2025-12-29 12:45:06,707 - INFO - Task completed successfully.
2025-12-29 12:45:07,793 - INFO - Received task: Fix vulnerability #11: cpp/weak-cryptographic-algorithm in lib/nfc/protocols/mf_ultralight/mf_ultralight_listener.c
2025-12-29 12:45:18,889 - INFO - Merged PR: https://github.com/joseguzman1337/Momentum-Firmware/pull/163
2025-12-29 12:45:19,342 - INFO - Task completed successfully.
2025-12-29 12:45:20,424 - INFO - Received task: Fix vulnerability #10: cpp/weak-cryptographic-algorithm in lib/nfc/protocols/mf_ultralight/mf_ultralight.c
2025-12-29 12:45:31,551 - INFO - Merged PR: https://github.com/joseguzman1337/Momentum-Firmware/pull/164
2025-12-29 12:45:31,972 - INFO - Task completed successfully.
2025-12-29 12:45:33,058 - INFO - Received task: Fix vulnerability #9: cpp/weak-cryptographic-algorithm in lib/nfc/protocols/felica/felica.c
2025-12-29 12:45:43,222 - INFO - Merged PR: https://github.com/joseguzman1337/Momentum-Firmware/pull/165
2025-12-29 12:45:43,664 - INFO - Task completed successfully.
2025-12-29 12:45:44,719 - INFO - Received task: Fix vulnerability #8: cpp/uncontrolled-arithmetic in lib/toolbox/varint.c
2025-12-29 12:45:55,898 - INFO - Merged PR: https://github.com/joseguzman1337/Momentum-Firmware/pull/166
2025-12-29 12:45:56,349 - INFO - Task completed successfully.
2025-12-29 12:45:57,406 - INFO - Received task: Fix vulnerability #7: cpp/uncontrolled-arithmetic in lib/toolbox/varint.c
2025-12-29 12:46:07,775 - INFO - Merged PR: https://github.com/joseguzman1337/Momentum-Firmware/pull/167
2025-12-29 12:46:08,251 - INFO - Task completed successfully.
2025-12-29 12:46:09,338 - INFO - Received task: Fix vulnerability #6: cpp/non-constant-format in applications/main/nfc/scenes/nfc_scene_mf_ultralight_unlock_warn.c
2025-12-29 12:46:20,509 - INFO - Merged PR: https://github.com/joseguzman1337/Momentum-Firmware/pull/168
2025-12-29 12:46:20,954 - INFO - Task completed successfully.
2025-12-29 12:46:22,032 - INFO - Received task: Fix vulnerability #5: cpp/non-constant-format in applications/main/nfc/scenes/nfc_scene_des_auth_unlock_warn.c
2025-12-29 12:46:32,206 - INFO - Merged PR: https://github.com/joseguzman1337/Momentum-Firmware/pull/169
2025-12-29 12:46:32,685 - INFO - Task completed successfully.
2025-12-29 12:46:33,771 - INFO - Received task: Fix vulnerability #4: cpp/use-after-free in lib/mjs/common/str_util.c
2025-12-29 12:46:44,862 - INFO - Merged PR: https://github.com/joseguzman1337/Momentum-Firmware/pull/170
2025-12-29 12:46:45,310 - INFO - Task completed successfully.
2025-12-29 12:46:46,384 - INFO - Received task: Fix vulnerability #3: cpp/use-after-free in lib/mjs/common/str_util.c
2025-12-29 12:46:57,574 - INFO - Merged PR: https://github.com/joseguzman1337/Momentum-Firmware/pull/171
2025-12-29 12:46:57,999 - INFO - Task completed successfully.
2025-12-29 12:46:59,070 - INFO - Received task: Fix vulnerability #2: py/tarslip in scripts/wifi_board.py
2025-12-29 12:47:10,083 - INFO - Merged PR: https://github.com/joseguzman1337/Momentum-Firmware/pull/172
2025-12-29 12:47:10,542 - INFO - Task completed successfully.
2025-12-29 12:47:11,606 - INFO - Received task: Fix vulnerability #1: py/weak-crypto-key in applications/system/findmy/generate_keys.py
2025-12-29 12:47:22,382 - INFO - Merged PR: https://github.com/joseguzman1337/Momentum-Firmware/pull/173
2025-12-29 12:47:22,848 - INFO - Task completed successfully.
2025-12-29 13:16:08,313 - INFO - Received task: Fix vulnerability #24: cpp/type-confusion in lib/toolbox/compress.c:292
2025-12-29 13:16:19,538 - INFO - Merged PR: https://github.com/joseguzman1337/Momentum-Firmware/pull/174
2025-12-29 13:16:19,975 - INFO - Task completed successfully.
2025-12-29 13:16:21,031 - INFO - Received task: Fix vulnerability #23: cpp/overflow-buffer in lib/nfc/protocols/mf_classic/mf_classic.c:489
2025-12-29 13:16:32,385 - INFO - Merged PR: https://github.com/joseguzman1337/Momentum-Firmware/pull/175
2025-12-29 13:16:32,815 - INFO - Task completed successfully.
2025-12-29 13:16:33,901 - INFO - Received task: Fix vulnerability #22: cpp/overflow-buffer in lib/nfc/protocols/mf_classic/mf_classic.c:487
2025-12-29 13:16:42,442 - INFO - Task completed successfully.
2025-12-29 13:16:43,527 - INFO - Received task: Fix vulnerability #21: cpp/invalid-pointer-deref in applications/main/nfc/nfc_cli.c:169
2025-12-29 13:16:53,927 - INFO - Merged PR: https://github.com/joseguzman1337/Momentum-Firmware/pull/177
2025-12-29 13:16:54,383 - INFO - Task completed successfully.
2025-12-29 13:16:55,465 - INFO - Received task: Fix vulnerability #20: cpp/suspicious-sizeof in lib/mjs/mjs_core.c:332
2025-12-29 13:17:04,000 - INFO - Task completed successfully.
2025-12-29 13:17:05,068 - INFO - Received task: Fix vulnerability #19: cpp/suspicious-sizeof in lib/mjs/mjs_core.c:331
2025-12-29 13:17:13,432 - INFO - Task completed successfully.
2025-12-29 13:17:14,500 - INFO - Received task: Fix vulnerability #18: cpp/suspicious-sizeof in lib/mjs/mjs_core.c:327
2025-12-29 13:17:22,720 - INFO - Task completed successfully.
2025-12-29 13:17:23,806 - INFO - Received task: Fix vulnerability #17: cpp/incorrect-not-operator-usage in applications/main/nfc/plugins/supported_cards/charliecard.c:1162
2025-12-29 13:17:34,052 - INFO - Merged PR: https://github.com/joseguzman1337/Momentum-Firmware/pull/181
2025-12-29 13:17:34,505 - INFO - Task completed successfully.
2025-12-29 13:17:35,582 - INFO - Received task: Fix vulnerability #16: cpp/offset-use-before-range-check in applications/services/gui/elements.c:928
2025-12-29 13:17:45,889 - INFO - Merged PR: https://github.com/joseguzman1337/Momentum-Firmware/pull/182
2025-12-29 13:17:46,309 - INFO - Task completed successfully.
2025-12-29 13:17:47,378 - INFO - Received task: Fix vulnerability #15: cpp/offset-use-before-range-check in applications/examples/example_ble_beacon/ble_beacon_app.c:136
2025-12-29 13:17:58,385 - INFO - Merged PR: https://github.com/joseguzman1337/Momentum-Firmware/pull/183
2025-12-29 13:17:58,832 - INFO - Task completed successfully.
2025-12-29 13:17:59,924 - INFO - Received task: Fix vulnerability #14: cpp/weak-cryptographic-algorithm in lib/nfc/protocols/mf_ultralight/mf_ultralight_poller_i.c:168
2025-12-29 13:18:11,355 - INFO - Merged PR: https://github.com/joseguzman1337/Momentum-Firmware/pull/184
2025-12-29 13:18:11,796 - INFO - Task completed successfully.
2025-12-29 13:18:12,881 - INFO - Received task: Fix vulnerability #13: cpp/weak-cryptographic-algorithm in lib/nfc/protocols/mf_ultralight/mf_ultralight_poller_sync.c:263
2025-12-29 13:18:23,252 - INFO - Merged PR: https://github.com/joseguzman1337/Momentum-Firmware/pull/185
2025-12-29 13:18:23,666 - INFO - Task completed successfully.
2025-12-29 13:18:24,754 - INFO - Received task: Fix vulnerability #12: cpp/weak-cryptographic-algorithm in lib/nfc/protocols/mf_ultralight/mf_ultralight_poller.c:590
2025-12-29 13:18:32,429 - INFO - Task completed successfully.
2025-12-29 13:18:33,494 - INFO - Received task: Fix vulnerability #11: cpp/weak-cryptographic-algorithm in lib/nfc/protocols/mf_ultralight/mf_ultralight_listener.c:564
2025-12-29 13:18:36,165 - INFO - Received task: Fix vulnerability #24: cpp/type-confusion in lib/toolbox/compress.c
2025-12-29 13:18:46,730 - INFO - Merged PR: https://github.com/joseguzman1337/Momentum-Firmware/pull/187
2025-12-29 13:18:47,148 - INFO - Task completed successfully.
2025-12-29 13:18:48,234 - INFO - Received task: Fix vulnerability #23: cpp/overflow-buffer in lib/nfc/protocols/mf_classic/mf_classic.c
2025-12-29 13:18:58,610 - INFO - Merged PR: https://github.com/joseguzman1337/Momentum-Firmware/pull/188
2025-12-29 13:18:59,063 - INFO - Task completed successfully.
2025-12-29 13:19:00,114 - INFO - Received task: Fix vulnerability #22: cpp/overflow-buffer in lib/nfc/protocols/mf_classic/mf_classic.c
2025-12-29 13:19:08,156 - INFO - Task completed successfully.
2025-12-29 13:19:09,212 - INFO - Received task: Fix vulnerability #21: cpp/invalid-pointer-deref in applications/main/nfc/nfc_cli.c
2025-12-29 13:19:20,379 - INFO - Merged PR: https://github.com/joseguzman1337/Momentum-Firmware/pull/190
2025-12-29 13:19:20,801 - INFO - Task completed successfully.
2025-12-29 13:19:21,890 - INFO - Received task: Fix vulnerability #20: cpp/suspicious-sizeof in lib/mjs/mjs_core.c
2025-12-29 13:19:29,803 - INFO - Task completed successfully.
2025-12-29 13:19:30,872 - INFO - Received task: Fix vulnerability #19: cpp/suspicious-sizeof in lib/mjs/mjs_core.c
2025-12-29 13:19:38,615 - INFO - Task completed successfully.
2025-12-29 13:19:39,693 - INFO - Received task: Fix vulnerability #18: cpp/suspicious-sizeof in lib/mjs/mjs_core.c
2025-12-29 13:19:47,346 - INFO - Task completed successfully.
2025-12-29 13:19:48,431 - INFO - Received task: Fix vulnerability #17: cpp/incorrect-not-operator-usage in applications/main/nfc/plugins/supported_cards/charliecard.c
2025-12-29 13:19:54,758 - INFO - Received task: Fix vulnerability #105: cpp/buffer-overflow in applications/main/nfc/cli/nfc_cli.c:45
2025-12-29 13:19:58,465 - INFO - Merged PR: https://github.com/joseguzman1337/Momentum-Firmware/pull/194
2025-12-29 13:19:58,914 - INFO - Task completed successfully.
2025-12-29 13:19:59,985 - INFO - Received task: Fix vulnerability #16: cpp/offset-use-before-range-check in applications/services/gui/elements.c
2025-12-29 13:20:03,678 - INFO - Merged PR: https://github.com/joseguzman1337/Momentum-Firmware/pull/195
2025-12-29 13:20:04,136 - INFO - Task completed successfully.
2025-12-29 13:20:10,097 - INFO - Merged PR: https://github.com/joseguzman1337/Momentum-Firmware/pull/196
2025-12-29 13:20:10,553 - INFO - Task completed successfully.
2025-12-29 13:20:11,604 - INFO - Received task: Fix Issue #88: Possible null pointer dereference in applications/main/nfc/cli/nfc_cli.c:50
2025-12-29 13:20:11,610 - INFO - Received task: Fix vulnerability #15: cpp/offset-use-before-range-check in applications/examples/example_ble_beacon/ble_beacon_app.c
2025-12-29 13:20:20,079 - INFO - Task completed successfully.
2025-12-29 13:20:20,691 - INFO - Merged PR: https://github.com/joseguzman1337/Momentum-Firmware/pull/198
2025-12-29 13:20:21,106 - INFO - Task completed successfully.
2025-12-29 13:20:21,131 - INFO - Received task: Fix vulnerability #14: cpp/weak-cryptographic-algorithm in lib/nfc/protocols/mf_ultralight/mf_ultralight_poller_i.c
2025-12-29 13:20:32,036 - INFO - Merged PR: https://github.com/joseguzman1337/Momentum-Firmware/pull/199
2025-12-29 13:20:32,469 - INFO - Task completed successfully.
2025-12-29 13:20:33,554 - INFO - Received task: Fix vulnerability #13: cpp/weak-cryptographic-algorithm in lib/nfc/protocols/mf_ultralight/mf_ultralight_poller_sync.c
2025-12-29 13:20:44,832 - INFO - Merged PR: https://github.com/joseguzman1337/Momentum-Firmware/pull/200
2025-12-29 13:20:45,241 - INFO - Task completed successfully.
2025-12-29 13:20:46,326 - INFO - Received task: Fix vulnerability #12: cpp/weak-cryptographic-algorithm in lib/nfc/protocols/mf_ultralight/mf_ultralight_poller.c
2025-12-29 13:20:56,528 - INFO - Merged PR: https://github.com/joseguzman1337/Momentum-Firmware/pull/201
2025-12-29 13:20:56,963 - INFO - Task completed successfully.
2025-12-29 13:20:58,045 - INFO - Received task: Fix vulnerability #11: cpp/weak-cryptographic-algorithm in lib/nfc/protocols/mf_ultralight/mf_ultralight_listener.c
2025-12-29 13:21:08,251 - INFO - Merged PR: https://github.com/joseguzman1337/Momentum-Firmware/pull/202
2025-12-29 13:21:08,697 - INFO - Task completed successfully.
2025-12-29 13:21:09,784 - INFO - Received task: Fix vulnerability #10: cpp/weak-cryptographic-algorithm in lib/nfc/protocols/mf_ultralight/mf_ultralight.c
2025-12-29 13:21:19,982 - INFO - Merged PR: https://github.com/joseguzman1337/Momentum-Firmware/pull/203
2025-12-29 13:21:20,489 - INFO - Task completed successfully.
2025-12-29 13:21:21,537 - INFO - Received task: Fix vulnerability #9: cpp/weak-cryptographic-algorithm in lib/nfc/protocols/felica/felica.c
2025-12-29 13:21:32,414 - INFO - Merged PR: https://github.com/joseguzman1337/Momentum-Firmware/pull/204
2025-12-29 13:21:32,821 - INFO - Task completed successfully.
2025-12-29 13:21:33,906 - INFO - Received task: Fix vulnerability #8: cpp/uncontrolled-arithmetic in lib/toolbox/varint.c
2025-12-29 13:21:44,654 - INFO - Merged PR: https://github.com/joseguzman1337/Momentum-Firmware/pull/205
2025-12-29 13:21:45,101 - INFO - Task completed successfully.
2025-12-29 13:21:46,169 - INFO - Received task: Fix vulnerability #7: cpp/uncontrolled-arithmetic in lib/toolbox/varint.c
2025-12-29 13:21:56,501 - INFO - Merged PR: https://github.com/joseguzman1337/Momentum-Firmware/pull/206
2025-12-29 13:21:56,933 - INFO - Task completed successfully.
2025-12-29 13:21:57,994 - INFO - Received task: Fix vulnerability #6: cpp/non-constant-format in applications/main/nfc/scenes/nfc_scene_mf_ultralight_unlock_warn.c
2025-12-29 13:22:08,162 - INFO - Merged PR: https://github.com/joseguzman1337/Momentum-Firmware/pull/207
2025-12-29 13:22:08,618 - INFO - Task completed successfully.
2025-12-29 13:22:09,677 - INFO - Received task: Fix vulnerability #5: cpp/non-constant-format in applications/main/nfc/scenes/nfc_scene_des_auth_unlock_warn.c
2025-12-29 13:22:20,704 - INFO - Merged PR: https://github.com/joseguzman1337/Momentum-Firmware/pull/208
2025-12-29 13:22:21,213 - INFO - Task completed successfully.
2025-12-29 13:22:22,272 - INFO - Received task: Fix vulnerability #4: cpp/use-after-free in lib/mjs/common/str_util.c
2025-12-29 13:22:32,158 - INFO - Merged PR: https://github.com/joseguzman1337/Momentum-Firmware/pull/209
2025-12-29 13:22:32,624 - INFO - Task completed successfully.
2025-12-29 13:22:33,675 - INFO - Received task: Fix vulnerability #3: cpp/use-after-free in lib/mjs/common/str_util.c
2025-12-29 13:22:44,764 - INFO - Merged PR: https://github.com/joseguzman1337/Momentum-Firmware/pull/210
2025-12-29 13:22:45,211 - INFO - Task completed successfully.
2025-12-29 13:22:46,301 - INFO - Received task: Fix vulnerability #2: py/tarslip in scripts/wifi_board.py
2025-12-29 13:22:48,320 - INFO - Received task: Fix Issue #53: Unable to use my Chamberlain garage door with recent FW versions
2025-12-29 13:22:48,330 - INFO - Received task: Fix vulnerability #24: cpp/type-confusion in lib/toolbox/compress.c
2025-12-29 13:22:55,459 - INFO - Merged PR: https://github.com/joseguzman1337/Momentum-Firmware/pull/211
2025-12-29 13:22:55,867 - INFO - Task completed successfully.
2025-12-29 13:22:56,919 - INFO - Received task: Fix vulnerability #1: py/weak-crypto-key in applications/system/findmy/generate_keys.py
2025-12-29 13:22:57,092 - INFO - Task completed successfully.
2025-12-29 13:22:57,447 - INFO - Merged PR: https://github.com/joseguzman1337/Momentum-Firmware/pull/212
2025-12-29 13:22:57,863 - INFO - Task completed successfully.
2025-12-29 13:22:58,948 - INFO - Received task: Fix vulnerability #23: cpp/overflow-buffer in lib/nfc/protocols/mf_classic/mf_classic.c
2025-12-29 13:22:59,157 - INFO - Received task: Fix Issue #38: Show more details about signals
2025-12-29 13:23:06,154 - INFO - Merged PR: https://github.com/joseguzman1337/Momentum-Firmware/pull/214
2025-12-29 13:23:06,632 - INFO - Task completed successfully.
2025-12-29 13:23:07,730 - INFO - Task completed successfully.
2025-12-29 13:23:08,350 - INFO - Merged PR: https://github.com/joseguzman1337/Momentum-Firmware/pull/215
2025-12-29 13:23:08,795 - INFO - Task completed successfully.
2025-12-29 13:23:09,816 - INFO - Received task: Fix Issue #7: Dependency Dashboard
2025-12-29 13:23:09,848 - INFO - Received task: Fix vulnerability #22: cpp/overflow-buffer in lib/nfc/protocols/mf_classic/mf_classic.c
2025-12-29 13:23:18,172 - INFO - Task completed successfully.
2025-12-29 13:23:18,661 - INFO - Merged PR: https://github.com/joseguzman1337/Momentum-Firmware/pull/218
2025-12-29 13:23:19,093 - INFO - Task completed successfully.
2025-12-29 13:23:19,223 - INFO - Received task: Fix vulnerability #21: cpp/invalid-pointer-deref in applications/main/nfc/nfc_cli.c
2025-12-29 13:23:26,942 - INFO - Task completed successfully.
2025-12-29 13:23:27,999 - INFO - Received task: Fix vulnerability #20: cpp/suspicious-sizeof in lib/mjs/mjs_core.c
2025-12-29 13:23:35,980 - INFO - Task completed successfully.
2025-12-29 13:23:37,052 - INFO - Received task: Fix vulnerability #19: cpp/suspicious-sizeof in lib/mjs/mjs_core.c
2025-12-29 13:23:45,146 - INFO - Task completed successfully.
2025-12-29 13:23:46,197 - INFO - Received task: Fix vulnerability #18: cpp/suspicious-sizeof in lib/mjs/mjs_core.c
2025-12-29 13:23:54,582 - INFO - Task completed successfully.
2025-12-29 13:23:55,663 - INFO - Received task: Fix vulnerability #17: cpp/incorrect-not-operator-usage in applications/main/nfc/plugins/supported_cards/charliecard.c
2025-12-29 13:24:06,175 - INFO - Merged PR: https://github.com/joseguzman1337/Momentum-Firmware/pull/223
2025-12-29 13:24:06,601 - INFO - Task completed successfully.
2025-12-29 13:24:07,683 - INFO - Received task: Fix vulnerability #16: cpp/offset-use-before-range-check in applications/services/gui/elements.c
2025-12-29 13:24:18,182 - INFO - Merged PR: https://github.com/joseguzman1337/Momentum-Firmware/pull/224
2025-12-29 13:24:18,633 - INFO - Task completed successfully.
2025-12-29 13:24:19,720 - INFO - Received task: Fix vulnerability #15: cpp/offset-use-before-range-check in applications/examples/example_ble_beacon/ble_beacon_app.c
2025-12-29 13:24:30,461 - INFO - Merged PR: https://github.com/joseguzman1337/Momentum-Firmware/pull/225
2025-12-29 13:24:30,963 - INFO - Task completed successfully.
2025-12-29 13:24:32,034 - INFO - Received task: Fix vulnerability #14: cpp/weak-cryptographic-algorithm in lib/nfc/protocols/mf_ultralight/mf_ultralight_poller_i.c
2025-12-29 13:24:43,963 - INFO - Merged PR: https://github.com/joseguzman1337/Momentum-Firmware/pull/226
2025-12-29 13:24:44,465 - INFO - Task completed successfully.
2025-12-29 13:24:45,552 - INFO - Received task: Fix vulnerability #13: cpp/weak-cryptographic-algorithm in lib/nfc/protocols/mf_ultralight/mf_ultralight_poller_sync.c
2025-12-29 13:24:56,513 - INFO - Merged PR: https://github.com/joseguzman1337/Momentum-Firmware/pull/227
2025-12-29 13:24:56,998 - INFO - Task completed successfully.
2025-12-29 13:24:58,085 - INFO - Received task: Fix vulnerability #12: cpp/weak-cryptographic-algorithm in lib/nfc/protocols/mf_ultralight/mf_ultralight_poller.c
2025-12-29 13:25:08,685 - INFO - Merged PR: https://github.com/joseguzman1337/Momentum-Firmware/pull/228
2025-12-29 13:25:09,243 - INFO - Task completed successfully.
2025-12-29 13:25:10,329 - INFO - Received task: Fix vulnerability #11: cpp/weak-cryptographic-algorithm in lib/nfc/protocols/mf_ultralight/mf_ultralight_listener.c
2025-12-29 13:25:21,127 - INFO - Merged PR: https://github.com/joseguzman1337/Momentum-Firmware/pull/229
2025-12-29 13:25:21,556 - INFO - Task completed successfully.
2025-12-29 13:25:22,625 - INFO - Received task: Fix vulnerability #10: cpp/weak-cryptographic-algorithm in lib/nfc/protocols/mf_ultralight/mf_ultralight.c
2025-12-29 13:25:32,887 - INFO - Merged PR: https://github.com/joseguzman1337/Momentum-Firmware/pull/230
2025-12-29 13:25:33,358 - INFO - Task completed successfully.
2025-12-29 13:25:34,447 - INFO - Received task: Fix vulnerability #9: cpp/weak-cryptographic-algorithm in lib/nfc/protocols/felica/felica.c
2025-12-29 13:25:44,759 - INFO - Merged PR: https://github.com/joseguzman1337/Momentum-Firmware/pull/231
2025-12-29 13:25:45,301 - INFO - Task completed successfully.
2025-12-29 13:25:46,351 - INFO - Received task: Fix vulnerability #8: cpp/uncontrolled-arithmetic in lib/toolbox/varint.c
2025-12-29 13:25:53,263 - INFO - Task completed successfully.
2025-12-29 13:25:54,329 - INFO - Received task: Fix vulnerability #7: cpp/uncontrolled-arithmetic in lib/toolbox/varint.c
2025-12-29 13:26:01,015 - INFO - Task completed successfully.
2025-12-29 13:26:02,100 - INFO - Received task: Fix vulnerability #6: cpp/non-constant-format in applications/main/nfc/scenes/nfc_scene_mf_ultralight_unlock_warn.c
2025-12-29 13:26:08,861 - INFO - Task completed successfully.
2025-12-29 13:26:09,912 - INFO - Received task: Fix vulnerability #5: cpp/non-constant-format in applications/main/nfc/scenes/nfc_scene_des_auth_unlock_warn.c
2025-12-29 13:26:16,956 - INFO - Task completed successfully.
2025-12-29 13:26:18,023 - INFO - Received task: Fix vulnerability #4: cpp/use-after-free in lib/mjs/common/str_util.c
2025-12-29 13:26:28,416 - INFO - Merged PR: https://github.com/joseguzman1337/Momentum-Firmware/pull/232
2025-12-29 13:26:28,857 - INFO - Task completed successfully.
2025-12-29 13:26:29,948 - INFO - Received task: Fix vulnerability #3: cpp/use-after-free in lib/mjs/common/str_util.c
2025-12-29 13:26:36,791 - INFO - Task completed successfully.
2025-12-29 13:26:37,878 - INFO - Received task: Fix vulnerability #2: py/tarslip in scripts/wifi_board.py
2025-12-29 13:26:44,653 - INFO - Task completed successfully.
2025-12-29 13:26:45,719 - INFO - Received task: Fix vulnerability #1: py/weak-crypto-key in applications/system/findmy/generate_keys.py
2025-12-29 13:26:52,498 - INFO - Task completed successfully.
2025-12-29 13:30:30,168 - INFO - Received task: Fix vulnerability #24: cpp/type-confusion in lib/toolbox/compress.c:292
2025-12-29 13:30:30,230 - INFO - Received task: Fix Issue #53: Unable to use my Chamberlain garage door with recent FW versions
2025-12-29 13:30:36,609 - INFO - Task completed successfully.
2025-12-29 13:30:37,673 - INFO - Received task: Fix vulnerability #23: cpp/overflow-buffer in lib/nfc/protocols/mf_classic/mf_classic.c:489
2025-12-29 13:30:39,603 - INFO - Merged PR: https://github.com/joseguzman1337/Momentum-Firmware/pull/233
2025-12-29 13:30:40,051 - INFO - Task completed successfully.
2025-12-29 13:30:42,125 - INFO - Received task: Fix Issue #38: Show more details about signals
2025-12-29 13:30:46,518 - INFO - Merged PR: https://github.com/joseguzman1337/Momentum-Firmware/pull/234
2025-12-29 13:30:46,962 - INFO - Task completed successfully.
2025-12-29 13:30:48,051 - INFO - Received task: Fix vulnerability #22: cpp/overflow-buffer in lib/nfc/protocols/mf_classic/mf_classic.c:487
2025-12-29 13:30:51,510 - INFO - Merged PR: https://github.com/joseguzman1337/Momentum-Firmware/pull/235
2025-12-29 13:30:51,957 - INFO - Task completed successfully.
2025-12-29 13:30:54,012 - INFO - Received task: Fix Issue #7: Dependency Dashboard
2025-12-29 13:30:57,213 - INFO - Merged PR: https://github.com/joseguzman1337/Momentum-Firmware/pull/236
2025-12-29 13:30:57,653 - INFO - Task completed successfully.
2025-12-29 13:30:58,731 - INFO - Received task: Fix vulnerability #21: cpp/invalid-pointer-deref in applications/main/nfc/nfc_cli.c:169
2025-12-29 13:31:01,325 - INFO - Task completed successfully.
2025-12-29 13:31:05,415 - INFO - Task completed successfully.
2025-12-29 13:31:06,505 - INFO - Received task: Fix vulnerability #20: cpp/suspicious-sizeof in lib/mjs/mjs_core.c:332
2025-12-29 13:31:16,867 - INFO - Merged PR: https://github.com/joseguzman1337/Momentum-Firmware/pull/238
2025-12-29 13:31:17,278 - INFO - Task completed successfully.
2025-12-29 13:31:18,401 - INFO - Received task: Fix vulnerability #19: cpp/suspicious-sizeof in lib/mjs/mjs_core.c:331
2025-12-29 13:31:28,643 - INFO - Merged PR: https://github.com/joseguzman1337/Momentum-Firmware/pull/239
2025-12-29 13:31:29,128 - INFO - Task completed successfully.
2025-12-29 13:31:30,188 - INFO - Received task: Fix vulnerability #18: cpp/suspicious-sizeof in lib/mjs/mjs_core.c:327
2025-12-29 13:31:40,926 - INFO - Merged PR: https://github.com/joseguzman1337/Momentum-Firmware/pull/240
2025-12-29 13:31:41,354 - INFO - Task completed successfully.
2025-12-29 13:31:42,417 - INFO - Received task: Fix vulnerability #17: cpp/incorrect-not-operator-usage in applications/main/nfc/plugins/supported_cards/charliecard.c:1162
2025-12-29 13:31:53,123 - INFO - Merged PR: https://github.com/joseguzman1337/Momentum-Firmware/pull/241
2025-12-29 13:31:53,545 - INFO - Task completed successfully.
2025-12-29 13:31:54,612 - INFO - Received task: Fix vulnerability #16: cpp/offset-use-before-range-check in applications/services/gui/elements.c:928
2025-12-29 13:32:05,860 - INFO - Merged PR: https://github.com/joseguzman1337/Momentum-Firmware/pull/242
2025-12-29 13:32:06,412 - INFO - Task completed successfully.
2025-12-29 13:32:07,508 - INFO - Received task: Fix vulnerability #15: cpp/offset-use-before-range-check in applications/examples/example_ble_beacon/ble_beacon_app.c:136
2025-12-29 13:32:18,182 - INFO - Merged PR: https://github.com/joseguzman1337/Momentum-Firmware/pull/243
2025-12-29 13:32:18,589 - INFO - Task completed successfully.
2025-12-29 13:32:19,662 - INFO - Received task: Fix vulnerability #14: cpp/weak-cryptographic-algorithm in lib/nfc/protocols/mf_ultralight/mf_ultralight_poller_i.c:168
2025-12-29 13:32:30,100 - INFO - Merged PR: https://github.com/joseguzman1337/Momentum-Firmware/pull/244
2025-12-29 13:32:30,496 - INFO - Task completed successfully.
2025-12-29 13:32:31,553 - INFO - Received task: Fix vulnerability #13: cpp/weak-cryptographic-algorithm in lib/nfc/protocols/mf_ultralight/mf_ultralight_poller_sync.c:263
2025-12-29 13:32:42,284 - INFO - Merged PR: https://github.com/joseguzman1337/Momentum-Firmware/pull/245
2025-12-29 13:32:42,751 - INFO - Task completed successfully.
2025-12-29 13:32:43,837 - INFO - Received task: Fix vulnerability #12: cpp/weak-cryptographic-algorithm in lib/nfc/protocols/mf_ultralight/mf_ultralight_poller.c:590
2025-12-29 13:32:54,354 - INFO - Merged PR: https://github.com/joseguzman1337/Momentum-Firmware/pull/246
2025-12-29 13:32:54,783 - INFO - Task completed successfully.
2025-12-29 13:32:55,837 - INFO - Received task: Fix vulnerability #11: cpp/weak-cryptographic-algorithm in lib/nfc/protocols/mf_ultralight/mf_ultralight_listener.c:564
2025-12-29 13:33:06,136 - INFO - Merged PR: https://github.com/joseguzman1337/Momentum-Firmware/pull/247
2025-12-29 13:33:06,605 - INFO - Task completed successfully.
2025-12-29 13:33:07,714 - INFO - Received task: Fix vulnerability #10: cpp/weak-cryptographic-algorithm in lib/nfc/protocols/mf_ultralight/mf_ultralight.c:714
2025-12-29 13:33:18,494 - INFO - Merged PR: https://github.com/joseguzman1337/Momentum-Firmware/pull/248
2025-12-29 13:33:18,986 - INFO - Task completed successfully.
2025-12-29 13:33:20,053 - INFO - Received task: Fix vulnerability #9: cpp/weak-cryptographic-algorithm in lib/nfc/protocols/felica/felica.c:224
2025-12-29 13:33:31,012 - INFO - Merged PR: https://github.com/joseguzman1337/Momentum-Firmware/pull/249
2025-12-29 13:33:31,438 - INFO - Task completed successfully.
2025-12-29 13:33:32,513 - INFO - Received task: Fix vulnerability #8: cpp/uncontrolled-arithmetic in lib/toolbox/varint.c:47
2025-12-29 13:33:44,126 - INFO - Merged PR: https://github.com/joseguzman1337/Momentum-Firmware/pull/250
2025-12-29 13:33:44,535 - INFO - Task completed successfully.
2025-12-29 13:33:46,174 - INFO - Received task: Fix vulnerability #7: cpp/uncontrolled-arithmetic in lib/toolbox/varint.c:45
2025-12-29 13:33:57,307 - INFO - Merged PR: https://github.com/joseguzman1337/Momentum-Firmware/pull/251
2025-12-29 13:33:57,754 - INFO - Task completed successfully.
2025-12-29 13:33:58,950 - INFO - Received task: Fix vulnerability #6: cpp/non-constant-format in applications/main/nfc/scenes/nfc_scene_mf_ultralight_unlock_warn.c:26
2025-12-29 13:34:06,370 - INFO - Task completed successfully.
2025-12-29 13:34:07,545 - INFO - Received task: Fix vulnerability #5: cpp/non-constant-format in applications/main/nfc/scenes/nfc_scene_des_auth_unlock_warn.c:30
2025-12-29 13:34:14,553 - INFO - Task completed successfully.
2025-12-29 13:34:15,668 - INFO - Received task: Fix vulnerability #4: cpp/use-after-free in lib/mjs/common/str_util.c:425
2025-12-29 13:34:22,530 - INFO - Task completed successfully.
2025-12-29 13:34:23,671 - INFO - Received task: Fix vulnerability #3: cpp/use-after-free in lib/mjs/common/str_util.c:417
2025-12-29 13:34:30,580 - INFO - Task completed successfully.
2025-12-29 13:34:31,707 - INFO - Received task: Fix vulnerability #2: py/tarslip in scripts/wifi_board.py:115
2025-12-29 13:34:38,431 - INFO - Task completed successfully.
2025-12-29 13:34:39,538 - INFO - Received task: Fix vulnerability #1: py/weak-crypto-key in applications/system/findmy/generate_keys.py:53
2025-12-29 13:34:46,362 - INFO - Task completed successfully.
